This file contains any messages produced by compilers while
running configure, to aid debugging if configure makes a mistake.

It was created by config configure version-0.1, which was
generated by GNU Autoconf 2.69.  Invocation command line was

  $ ./configure --with-dpdk-lib=/root/mtcp/dpdk

## --------- ##
## Platform. ##
## --------- ##

hostname = paravance-69
uname -m = x86_64
uname -r = 3.13.0-24-generic
uname -s = Linux
uname -v = #47-Ubuntu SMP Fri May 2 23:30:00 UTC 2014

/usr/bin/uname -p = unknown
/bin/uname -X     = unknown

/bin/arch              = unknown
/usr/bin/arch -k       = unknown
/usr/convex/getsysinfo = unknown
/usr/bin/hostinfo      = unknown
/bin/machine           = unknown
/usr/bin/oslevel       = unknown
/bin/universe          = unknown

PATH: /usr/local/sbin
PATH: /usr/local/bin
PATH: /usr/sbin
PATH: /usr/bin
PATH: /sbin
PATH: /bin
PATH: /usr/games
PATH: /usr/local/games


## ----------- ##
## Core tests. ##
## ----------- ##

configure:2035: checking for gcc
configure:2051: found /usr/bin/gcc
configure:2062: result: gcc
configure:2291: checking for C compiler version
configure:2300: gcc --version >&5
gcc (Ubuntu 4.8.4-2ubuntu1~14.04) 4.8.4
Copyright (C) 2013 Free Software Foundation, Inc.
This is free software; see the source for copying conditions.  There is NO
warranty; not even for MERCHANTABILITY or FITNESS FOR A PARTICULAR PURPOSE.

configure:2311: $? = 0
configure:2300: gcc -v >&5
Using built-in specs.
COLLECT_GCC=gcc
COLLECT_LTO_WRAPPER=/usr/lib/gcc/x86_64-linux-gnu/4.8/lto-wrapper
Target: x86_64-linux-gnu
Configured with: ../src/configure -v --with-pkgversion='Ubuntu 4.8.4-2ubuntu1~14.04' --with-bugurl=file:///usr/share/doc/gcc-4.8/README.Bugs --enable-languages=c,c++,java,go,d,fortran,objc,obj-c++ --prefix=/usr --program-suffix=-4.8 --enable-shared --enable-linker-build-id --libexecdir=/usr/lib --without-included-gettext --enable-threads=posix --with-gxx-include-dir=/usr/include/c++/4.8 --libdir=/usr/lib --enable-nls --with-sysroot=/ --enable-clocale=gnu --enable-libstdcxx-debug --enable-libstdcxx-time=yes --enable-gnu-unique-object --disable-libmudflap --enable-plugin --with-system-zlib --disable-browser-plugin --enable-java-awt=gtk --enable-gtk-cairo --with-java-home=/usr/lib/jvm/java-1.5.0-gcj-4.8-amd64/jre --enable-java-home --with-jvm-root-dir=/usr/lib/jvm/java-1.5.0-gcj-4.8-amd64 --with-jvm-jar-dir=/usr/lib/jvm-exports/java-1.5.0-gcj-4.8-amd64 --with-arch-directory=amd64 --with-ecj-jar=/usr/share/java/eclipse-ecj.jar --enable-objc-gc --enable-multiarch --disable-werror --with-arch-32=i686 --with-abi=m64 --with-multilib-list=m32,m64,mx32 --with-tune=generic --enable-checking=release --build=x86_64-linux-gnu --host=x86_64-linux-gnu --target=x86_64-linux-gnu
Thread model: posix
gcc version 4.8.4 (Ubuntu 4.8.4-2ubuntu1~14.04) 
configure:2311: $? = 0
configure:2300: gcc -V >&5
gcc: error: unrecognized command line option '-V'
gcc: fatal error: no input files
compilation terminated.
configure:2311: $? = 4
configure:2300: gcc -qversion >&5
gcc: error: unrecognized command line option '-qversion'
gcc: fatal error: no input files
compilation terminated.
configure:2311: $? = 4
configure:2331: checking whether the C compiler works
configure:2353: gcc    conftest.c  >&5
configure:2357: $? = 0
configure:2405: result: yes
configure:2408: checking for C compiler default output file name
configure:2410: result: a.out
configure:2416: checking for suffix of executables
configure:2423: gcc -o conftest    conftest.c  >&5
configure:2427: $? = 0
configure:2449: result: 
configure:2471: checking whether we are cross compiling
configure:2479: gcc -o conftest    conftest.c  >&5
configure:2483: $? = 0
configure:2490: ./conftest
configure:2494: $? = 0
configure:2509: result: no
configure:2514: checking for suffix of object files
configure:2536: gcc -c   conftest.c >&5
configure:2540: $? = 0
configure:2561: result: o
configure:2565: checking whether we are using the GNU C compiler
configure:2584: gcc -c   conftest.c >&5
configure:2584: $? = 0
configure:2593: result: yes
configure:2602: checking whether gcc accepts -g
configure:2622: gcc -c -g  conftest.c >&5
configure:2622: $? = 0
configure:2663: result: yes
configure:2680: checking for gcc option to accept ISO C89
configure:2743: gcc  -c -g -O2  conftest.c >&5
configure:2743: $? = 0
configure:2756: result: none needed
configure:2792: checking how to run the C preprocessor
configure:2823: gcc -E  conftest.c
configure:2823: $? = 0
configure:2837: gcc -E  conftest.c
conftest.c:9:28: fatal error: ac_nonexistent.h: No such file or directory
 #include <ac_nonexistent.h>
                            ^
compilation terminated.
configure:2837: $? = 1
configure: failed program was:
| /* confdefs.h */
| #define PACKAGE_NAME "config"
| #define PACKAGE_TARNAME "config"
| #define PACKAGE_VERSION "version-0.1"
| #define PACKAGE_STRING "config version-0.1"
| #define PACKAGE_BUGREPORT ""
| #define PACKAGE_URL ""
| /* end confdefs.h.  */
| #include <ac_nonexistent.h>
configure:2862: result: gcc -E
configure:2882: gcc -E  conftest.c
configure:2882: $? = 0
configure:2896: gcc -E  conftest.c
conftest.c:9:28: fatal error: ac_nonexistent.h: No such file or directory
 #include <ac_nonexistent.h>
                            ^
compilation terminated.
configure:2896: $? = 1
configure: failed program was:
| /* confdefs.h */
| #define PACKAGE_NAME "config"
| #define PACKAGE_TARNAME "config"
| #define PACKAGE_VERSION "version-0.1"
| #define PACKAGE_STRING "config version-0.1"
| #define PACKAGE_BUGREPORT ""
| #define PACKAGE_URL ""
| /* end confdefs.h.  */
| #include <ac_nonexistent.h>
configure:2925: checking for grep that handles long lines and -e
configure:2983: result: /bin/grep
configure:2988: checking for egrep
configure:3050: result: /bin/grep -E
configure:3055: checking for ANSI C header files
configure:3075: gcc -c -g -O2  conftest.c >&5
configure:3075: $? = 0
configure:3148: gcc -o conftest -g -O2   conftest.c  >&5
configure:3148: $? = 0
configure:3148: ./conftest
configure:3148: $? = 0
configure:3159: result: yes
configure:3172: checking for sys/types.h
configure:3172: gcc -c -g -O2  conftest.c >&5
configure:3172: $? = 0
configure:3172: result: yes
configure:3172: checking for sys/stat.h
configure:3172: gcc -c -g -O2  conftest.c >&5
configure:3172: $? = 0
configure:3172: result: yes
configure:3172: checking for stdlib.h
configure:3172: gcc -c -g -O2  conftest.c >&5
configure:3172: $? = 0
configure:3172: result: yes
configure:3172: checking for string.h
configure:3172: gcc -c -g -O2  conftest.c >&5
configure:3172: $? = 0
configure:3172: result: yes
configure:3172: checking for memory.h
configure:3172: gcc -c -g -O2  conftest.c >&5
configure:3172: $? = 0
configure:3172: result: yes
configure:3172: checking for strings.h
configure:3172: gcc -c -g -O2  conftest.c >&5
configure:3172: $? = 0
configure:3172: result: yes
configure:3172: checking for inttypes.h
configure:3172: gcc -c -g -O2  conftest.c >&5
configure:3172: $? = 0
configure:3172: result: yes
configure:3172: checking for stdint.h
configure:3172: gcc -c -g -O2  conftest.c >&5
configure:3172: $? = 0
configure:3172: result: yes
configure:3172: checking for unistd.h
configure:3172: gcc -c -g -O2  conftest.c >&5
configure:3172: $? = 0
configure:3172: result: yes
configure:3184: checking linux/sched.h usability
configure:3184: gcc -c -g -O2  conftest.c >&5
configure:3184: $? = 0
configure:3184: result: yes
configure:3184: checking linux/sched.h presence
configure:3184: gcc -E  conftest.c
configure:3184: $? = 0
configure:3184: result: yes
configure:3184: checking for linux/sched.h
configure:3184: result: yes
configure:3191: checking pthread.h usability
configure:3191: gcc -c -g -O2  conftest.c >&5
configure:3191: $? = 0
configure:3191: result: yes
configure:3191: checking pthread.h presence
configure:3191: gcc -E  conftest.c
configure:3191: $? = 0
configure:3191: result: yes
configure:3191: checking for pthread.h
configure:3191: result: yes
configure:3198: checking numa.h usability
configure:3198: gcc -c -g -O2  conftest.c >&5
configure:3198: $? = 0
configure:3198: result: yes
configure:3198: checking numa.h presence
configure:3198: gcc -E  conftest.c
configure:3198: $? = 0
configure:3198: result: yes
configure:3198: checking for numa.h
configure:3198: result: yes
configure:3414: creating ./config.status

## ---------------------- ##
## Running config.status. ##
## ---------------------- ##

This file was extended by config config.status version-0.1, which was
generated by GNU Autoconf 2.69.  Invocation command line was

  CONFIG_FILES    = 
  CONFIG_HEADERS  = 
  CONFIG_LINKS    = 
  CONFIG_COMMANDS = 
  $ ./config.status 

on paravance-69

config.status:728: creating mtcp/src/Makefile
configure:4571: creating ./config.status

## ---------------------- ##
## Running config.status. ##
## ---------------------- ##

This file was extended by config config.status version-0.1, which was
generated by GNU Autoconf 2.69.  Invocation command line was

  CONFIG_FILES    = 
  CONFIG_HEADERS  = 
  CONFIG_LINKS    = 
  CONFIG_COMMANDS = 
  $ ./config.status 

on paravance-69

config.status:729: creating mtcp/src/Makefile
config.status:729: creating apps/example/Makefile

## ---------------- ##
## Cache variables. ##
## ---------------- ##

ac_cv_c_compiler_gnu=yes
ac_cv_env_CC_set=
ac_cv_env_CC_value=
ac_cv_env_CFLAGS_set=
ac_cv_env_CFLAGS_value=
ac_cv_env_CPPFLAGS_set=
ac_cv_env_CPPFLAGS_value=
ac_cv_env_CPP_set=
ac_cv_env_CPP_value=
ac_cv_env_LDFLAGS_set=
ac_cv_env_LDFLAGS_value=
ac_cv_env_LIBS_set=
ac_cv_env_LIBS_value=
ac_cv_env_build_alias_set=
ac_cv_env_build_alias_value=
ac_cv_env_host_alias_set=
ac_cv_env_host_alias_value=
ac_cv_env_target_alias_set=
ac_cv_env_target_alias_value=
ac_cv_header_inttypes_h=yes
ac_cv_header_linux_sched_h=yes
ac_cv_header_memory_h=yes
ac_cv_header_numa_h=yes
ac_cv_header_pthread_h=yes
ac_cv_header_stdc=yes
ac_cv_header_stdint_h=yes
ac_cv_header_stdlib_h=yes
ac_cv_header_string_h=yes
ac_cv_header_strings_h=yes
ac_cv_header_sys_stat_h=yes
ac_cv_header_sys_types_h=yes
ac_cv_header_unistd_h=yes
ac_cv_objext=o
ac_cv_path_EGREP='/bin/grep -E'
ac_cv_path_GREP=/bin/grep
ac_cv_prog_CPP='gcc -E'
ac_cv_prog_ac_ct_CC=gcc
ac_cv_prog_cc_c89=
ac_cv_prog_cc_g=yes

## ----------------- ##
## Output variables. ##
## ----------------- ##

CC='gcc'
CFLAGS='-g -O2'
CPP='gcc -E'
CPPFLAGS=''
DEFS='-DPACKAGE_NAME=\"config\" -DPACKAGE_TARNAME=\"config\" -DPACKAGE_VERSION=\"version-0.1\" -DPACKAGE_STRING=\"config\ version-0.1\" -DPACKAGE_BUGREPORT=\"\" -DPACKAGE_URL=\"\" -DSTDC_HEADERS=1 -DHAVE_SYS_TYPES_H=1 -DHAVE_SYS_STAT_H=1 -DHAVE_STDLIB_H=1 -DHAVE_STRING_H=1 -DHAVE_MEMORY_H=1 -DHAVE_STRINGS_H=1 -DHAVE_INTTYPES_H=1 -DHAVE_STDINT_H=1 -DHAVE_UNISTD_H=1'
DPDK='1'
DPDKLIBPATH='/root/mtcp/dpdk'
ECHO_C=''
ECHO_N='-n'
ECHO_T=''
EGREP='/bin/grep -E'
EXEEXT=''
GREP='/bin/grep'
LDFLAGS=''
LIBOBJS=''
LIBS=''
LTLIBOBJS=''
NETMAP='0'
OBJEXT='o'
PACKAGE_BUGREPORT=''
PACKAGE_NAME='config'
PACKAGE_STRING='config version-0.1'
PACKAGE_TARNAME='config'
PACKAGE_URL=''
PACKAGE_VERSION='version-0.1'
PATH_SEPARATOR=':'
PSIO='0'
PSLIBPATH=''
SHELL='/bin/bash'
ac_ct_CC='gcc'
bindir='${exec_prefix}/bin'
build_alias=''
datadir='${datarootdir}'
datarootdir='${prefix}/share'
docdir='${datarootdir}/doc/${PACKAGE_TARNAME}'
dvidir='${docdir}'
exec_prefix='${prefix}'
host_alias=''
htmldir='${docdir}'
includedir='${prefix}/include'
infodir='${datarootdir}/info'
libdir='${exec_prefix}/lib'
libexecdir='${exec_prefix}/libexec'
localedir='${datarootdir}/locale'
localstatedir='${prefix}/var'
mandir='${datarootdir}/man'
oldincludedir='/usr/include'
pdfdir='${docdir}'
prefix='/usr/local'
program_transform_name='s,x,x,'
psdir='${docdir}'
sbindir='${exec_prefix}/sbin'
sharedstatedir='${prefix}/com'
sysconfdir='${prefix}/etc'
target_alias=''

## ----------- ##
## confdefs.h. ##
## ----------- ##

/* confdefs.h */
#define PACKAGE_NAME "config"
#define PACKAGE_TARNAME "config"
#define PACKAGE_VERSION "version-0.1"
#define PACKAGE_STRING "config version-0.1"
#define PACKAGE_BUGREPORT ""
#define PACKAGE_URL ""
#define STDC_HEADERS 1
#define HAVE_SYS_TYPES_H 1
#define HAVE_SYS_STAT_H 1
#define HAVE_STDLIB_H 1
#define HAVE_STRING_H 1
#define HAVE_MEMORY_H 1
#define HAVE_STRINGS_H 1
#define HAVE_INTTYPES_H 1
#define HAVE_STDINT_H 1
#define HAVE_UNISTD_H 1

configure: exit 0
